mktextfm Fontin
mktextfm Fontin
mktextfm Fontin
mktextfm Fontin/BI
mktextfm Fontin
mktextfm Fontin/B
mktextfm Fontin
mktextfm Fontin/I
mktextfm Fontin
mktextfm Fontin
mktextfm Fontin
mktextfm GeosansLight
mktextfm GeosansLight
mktextfm GeosansLight
mktextfm GeosansLight/B
mktextfm GeosansLight
mktextfm GeosansLight/I
mktextfm GeosansLight
mktextfm GeosansLight/BI
mktextfm GeosansLight
mktextfm GeosansLight
mktextfm GeosansLight
mktextfm GeosansLight
mktextfm GeosansLight
mktextfm GeosansLight
mktextfm Consolas
mktextfm Consolas
mktextfm Consolas
mktextfm Consolas/BI
mktextfm Consolas
mktextfm Consolas/B
mktextfm Consolas
mktextfm Consolas/I
mktextfm Consolas
mktextfm Consolas
mktextfm Fontin
mktextfm Fontin
mktextfm Fontin
mktextfm Fontin/BI
mktextfm Fontin
mktextfm Fontin/B
mktextfm Fontin
mktextfm Fontin/I
mktextfm Fontin
mktextfm Fontin
mktextfm Fontin
mktextfm GeosansLight
mktextfm GeosansLight
mktextfm GeosansLight
mktextfm GeosansLight/B
mktextfm GeosansLight
mktextfm GeosansLight/I
mktextfm GeosansLight
mktextfm GeosansLight/BI
mktextfm GeosansLight
mktextfm GeosansLight
mktextfm GeosansLight
mktextfm GeosansLight
mktextfm GeosansLight
mktextfm GeosansLight
mktextfm Consolas
mktextfm Consolas
mktextfm Consolas
mktextfm Consolas/BI
mktextfm Consolas
mktextfm Consolas/B
mktextfm Consolas
mktextfm Consolas/I
mktextfm Consolas
mktextfm Consolas
mktextfm Consolas
mktextfm Consolas
mktextfm Consolas
mktextfm Consolas/BI
mktextfm Consolas
mktextfm Consolas/B
mktextfm Consolas
mktextfm Consolas/I
mktextfm Consolas
mktextfm Consolas
mktextfm Consolas
mktextfm Consolas
mktextfm Consolas
mktextfm Consolas/BI
mktextfm Consolas
mktextfm Consolas/B
mktextfm Consolas
mktextfm Consolas/I
mktextfm Consolas
mktextfm Consolas
mktextfm Consolas
mktextfm Consolas
mktextfm Consolas
mktextfm Consolas/BI
mktextfm Consolas
mktextfm Consolas/B
mktextfm Consolas
mktextfm Consolas/I
mktextfm Consolas
mktextfm Consolas
mktextfm Fontin
mktextfm Fontin
mktextfm Fontin
mktextfm Fontin/BI
mktextfm Fontin
mktextfm Fontin/B
mktextfm Fontin
mktextfm Fontin/I
mktextfm Fontin
mktextfm Fontin
mktextfm Fontin
mktextfm GeosansLight
mktextfm GeosansLight
mktextfm GeosansLight
mktextfm GeosansLight/B
mktextfm GeosansLight
mktextfm GeosansLight/I
mktextfm GeosansLight
mktextfm GeosansLight/BI
mktextfm GeosansLight
mktextfm GeosansLight
mktextfm GeosansLight
mktextfm GeosansLight
mktextfm GeosansLight
mktextfm GeosansLight
mktextfm Consolas
mktextfm Consolas
mktextfm Consolas
mktextfm Consolas/BI
mktextfm Consolas
mktextfm Consolas/B
mktextfm Consolas
mktextfm Consolas/I
mktextfm Consolas
mktextfm Consolas
